<?xml version="1.0" encoding="UTF-8"?>
<!-- Generated by org.testng.reporters.JUnitReportReporter -->
<testsuite hostname="NB0013009" name="Pack2.WaitforObjectFluentWait" tests="1" failures="0" timestamp="10 Dec 2016 16:24:36 GMT" time="23.030" errors="0">
  <testcase name="gmail" time="23.030" classname="Pack2.WaitforObjectFluentWait"/>
</testsuite> <!-- Pack2.WaitforObjectFluentWait -->
